30/5/2020 -- 22:42:17 - <Notice> - This is Suricata version 5.0.3 RELEASE running in SYSTEM mode
30/5/2020 -- 22:42:17 - <Info> - CPUs/cores online: 2
30/5/2020 -- 22:42:17 - <Info> - NFQ running in REPEAT mode with mark 1/1
30/5/2020 -- 22:42:17 - <Info> - fast output device (regular) initialized: fast.log
30/5/2020 -- 22:42:17 - <Info> - stats output device (regular) initialized: stats.log
30/5/2020 -- 22:42:17 - <Warning> - [ERRCODE: SC_WARN_DEPRECATED(203)] - The drop log has been deprecated and will be removed by June 2020. Please use eve-log.
30/5/2020 -- 22:42:17 - <Info> - drop output device (regular) initialized: drop.log
30/5/2020 -- 22:42:17 - <Info> - Running in live mode, activating unix socket
30/5/2020 -- 22:42:19 - <Info> - 2 rule files processed. 20362 rules successfully loaded, 0 rules failed
30/5/2020 -- 22:42:19 - <Info> - Threshold config parsed: 0 rule(s) found
30/5/2020 -- 22:42:19 - <Info> - 20365 signatures processed. 1156 are IP-only rules, 3958 are inspecting packet payload, 15021 inspect application layer, 103 are decoder event only
30/5/2020 -- 22:42:28 - <Info> - binding this thread 0 to queue '0'
30/5/2020 -- 22:42:28 - <Info> - setting queue length to 4096
30/5/2020 -- 22:42:28 - <Info> - setting nfnl bufsize to 6144000
30/5/2020 -- 22:42:28 - <Info> - Running in live mode, activating unix socket
30/5/2020 -- 22:42:28 - <Info> - Using unix socket file '/var/run/suricata/suricata-command.socket'
30/5/2020 -- 22:42:28 - <Notice> - all 4 packet processing threads, 4 management threads initialized, engine started.
30/5/2020 -- 22:47:25 - <Notice> - This is Suricata version 5.0.3 RELEASE running in SYSTEM mode
30/5/2020 -- 22:47:25 - <Info> - CPUs/cores online: 2
30/5/2020 -- 22:47:25 - <Info> - NFQ running in REPEAT mode with mark 1/1
30/5/2020 -- 22:47:25 - <Info> - fast output device (regular) initialized: fast.log
30/5/2020 -- 22:47:25 - <Info> - stats output device (regular) initialized: stats.log
30/5/2020 -- 22:47:25 - <Warning> - [ERRCODE: SC_WARN_DEPRECATED(203)] - The drop log has been deprecated and will be removed by June 2020. Please use eve-log.
30/5/2020 -- 22:47:25 - <Info> - drop output device (regular) initialized: drop.log
30/5/2020 -- 22:47:25 - <Info> - Running in live mode, activating unix socket
30/5/2020 -- 22:47:27 - <Info> - 2 rule files processed. 20362 rules successfully loaded, 0 rules failed
30/5/2020 -- 22:47:27 - <Info> - Threshold config parsed: 0 rule(s) found
30/5/2020 -- 22:47:27 - <Info> - 20365 signatures processed. 1156 are IP-only rules, 3958 are inspecting packet payload, 15021 inspect application layer, 103 are decoder event only
30/5/2020 -- 22:47:40 - <Info> - binding this thread 0 to queue '0'
30/5/2020 -- 22:47:40 - <Info> - setting queue length to 4096
30/5/2020 -- 22:47:40 - <Info> - setting nfnl bufsize to 6144000
30/5/2020 -- 22:47:40 - <Info> - Running in live mode, activating unix socket
30/5/2020 -- 22:47:40 - <Info> - Using unix socket file '/var/run/suricata/suricata-command.socket'
30/5/2020 -- 22:47:40 - <Notice> - all 4 packet processing threads, 4 management threads initialized, engine started.
30/5/2020 -- 23:39:20 - <Notice> - This is Suricata version 5.0.3 RELEASE running in SYSTEM mode
30/5/2020 -- 23:39:20 - <Info> - CPUs/cores online: 2
30/5/2020 -- 23:39:20 - <Info> - NFQ running in REPEAT mode with mark 1/1
30/5/2020 -- 23:39:20 - <Info> - fast output device (regular) initialized: fast.log
30/5/2020 -- 23:39:20 - <Info> - stats output device (regular) initialized: stats.log
30/5/2020 -- 23:39:20 - <Warning> - [ERRCODE: SC_WARN_DEPRECATED(203)] - The drop log has been deprecated and will be removed by June 2020. Please use eve-log.
30/5/2020 -- 23:39:20 - <Info> - drop output device (regular) initialized: drop.log
30/5/2020 -- 23:39:20 - <Info> - Running in live mode, activating unix socket
30/5/2020 -- 23:39:21 - <Info> - 2 rule files processed. 20362 rules successfully loaded, 0 rules failed
30/5/2020 -- 23:39:21 - <Info> - Threshold config parsed: 0 rule(s) found
30/5/2020 -- 23:39:21 - <Info> - 20365 signatures processed. 1156 are IP-only rules, 3958 are inspecting packet payload, 15021 inspect application layer, 103 are decoder event only
30/5/2020 -- 23:39:30 - <Info> - binding this thread 0 to queue '0'
30/5/2020 -- 23:39:30 - <Info> - setting queue length to 4096
30/5/2020 -- 23:39:30 - <Info> - setting nfnl bufsize to 6144000
30/5/2020 -- 23:39:30 - <Info> - Running in live mode, activating unix socket
30/5/2020 -- 23:39:30 - <Info> - Using unix socket file '/var/run/suricata/suricata-command.socket'
30/5/2020 -- 23:39:30 - <Notice> - all 4 packet processing threads, 4 management threads initialized, engine started.
30/5/2020 -- 23:50:51 - <Notice> - This is Suricata version 5.0.3 RELEASE running in SYSTEM mode
30/5/2020 -- 23:50:51 - <Info> - CPUs/cores online: 2
30/5/2020 -- 23:50:51 - <Info> - NFQ running in REPEAT mode with mark 1/1
30/5/2020 -- 23:50:51 - <Info> - fast output device (regular) initialized: fast.log
30/5/2020 -- 23:50:51 - <Info> - stats output device (regular) initialized: stats.log
30/5/2020 -- 23:50:51 - <Warning> - [ERRCODE: SC_WARN_DEPRECATED(203)] - The drop log has been deprecated and will be removed by June 2020. Please use eve-log.
30/5/2020 -- 23:50:51 - <Info> - drop output device (regular) initialized: drop.log
30/5/2020 -- 23:50:51 - <Info> - Running in live mode, activating unix socket
30/5/2020 -- 23:50:53 - <Info> - 2 rule files processed. 20362 rules successfully loaded, 0 rules failed
30/5/2020 -- 23:50:53 - <Info> - Threshold config parsed: 0 rule(s) found
30/5/2020 -- 23:50:53 - <Info> - 20365 signatures processed. 1156 are IP-only rules, 3958 are inspecting packet payload, 15021 inspect application layer, 103 are decoder event only
30/5/2020 -- 23:51:03 - <Info> - binding this thread 0 to queue '0'
30/5/2020 -- 23:51:03 - <Info> - setting queue length to 4096
30/5/2020 -- 23:51:03 - <Info> - setting nfnl bufsize to 6144000
30/5/2020 -- 23:51:03 - <Info> - Running in live mode, activating unix socket
30/5/2020 -- 23:51:03 - <Info> - Using unix socket file '/var/run/suricata/suricata-command.socket'
30/5/2020 -- 23:51:03 - <Notice> - all 4 packet processing threads, 4 management threads initialized, engine started.
31/5/2020 -- 00:07:49 - <Notice> - This is Suricata version 5.0.3 RELEASE running in SYSTEM mode
31/5/2020 -- 00:07:49 - <Info> - CPUs/cores online: 2
31/5/2020 -- 00:07:49 - <Info> - NFQ running in REPEAT mode with mark 1/1
31/5/2020 -- 00:07:49 - <Info> - fast output device (regular) initialized: fast.log
31/5/2020 -- 00:07:49 - <Info> - stats output device (regular) initialized: stats.log
31/5/2020 -- 00:07:49 - <Warning> - [ERRCODE: SC_WARN_DEPRECATED(203)] - The drop log has been deprecated and will be removed by June 2020. Please use eve-log.
31/5/2020 -- 00:07:49 - <Info> - drop output device (regular) initialized: drop.log
31/5/2020 -- 00:07:49 - <Info> - Running in live mode, activating unix socket
31/5/2020 -- 00:07:51 - <Info> - 2 rule files processed. 20362 rules successfully loaded, 0 rules failed
31/5/2020 -- 00:07:51 - <Info> - Threshold config parsed: 0 rule(s) found
31/5/2020 -- 00:07:51 - <Info> - 20365 signatures processed. 1156 are IP-only rules, 3958 are inspecting packet payload, 15021 inspect application layer, 103 are decoder event only
31/5/2020 -- 00:08:00 - <Info> - binding this thread 0 to queue '0'
31/5/2020 -- 00:08:00 - <Info> - setting queue length to 4096
31/5/2020 -- 00:08:00 - <Info> - setting nfnl bufsize to 6144000
31/5/2020 -- 00:08:00 - <Info> - Running in live mode, activating unix socket
31/5/2020 -- 00:08:00 - <Info> - Using unix socket file '/var/run/suricata/suricata-command.socket'
31/5/2020 -- 00:08:00 - <Notice> - all 4 packet processing threads, 4 management threads initialized, engine started.
31/5/2020 -- 00:13:46 - <Notice> - This is Suricata version 4.0.4 RELEASE
31/5/2020 -- 00:15:07 - <Error> - [ERRCODE: SC_ERR_NFQ_OPEN(68)] - nfq_open() failed
31/5/2020 -- 00:15:07 - <Error> - [ERRCODE: SC_ERR_NFQ_THREAD_INIT(78)] - nfq thread failed to initialize
